<?xml version="1.0" encoding="UTF-8"?>
<testsuite name="bg.sofia.uni.fmi.mjt.cryptowallet.command.CommandExecutorTest" tests="33" skipped="0" failures="0" errors="0" timestamp="2023-12-28T15:42:37" hostname="DESKTOP-6F11HT1" time="0.256">
  <properties/>
  <testcase name="testDepositSuccessfully()" classname="bg.sofia.uni.fmi.mjt.cryptowallet.command.CommandExecutorTest" time="0.098"/>
  <testcase name="testGetWalletOverallSummarySuccessfully()" classname="bg.sofia.uni.fmi.mjt.cryptowallet.command.CommandExecutorTest" time="0.007"/>
  <testcase name="testGetWalletSummaryInvalidNumberOfParameters()" classname="bg.sofia.uni.fmi.mjt.cryptowallet.command.CommandExecutorTest" time="0.006"/>
  <testcase name="testBuyInvalidNumberOfParameters()" classname="bg.sofia.uni.fmi.mjt.cryptowallet.command.CommandExecutorTest" time="0.003"/>
  <testcase name="testGetWalletSummarySuccessfully()" classname="bg.sofia.uni.fmi.mjt.cryptowallet.command.CommandExecutorTest" time="0.003"/>
  <testcase name="testLoginUserNotFound()" classname="bg.sofia.uni.fmi.mjt.cryptowallet.command.CommandExecutorTest" time="0.009"/>
  <testcase name="testBuyNegativeAmountOfMoney()" classname="bg.sofia.uni.fmi.mjt.cryptowallet.command.CommandExecutorTest" time="0.004"/>
  <testcase name="testListOfferingsSuccessfully()" classname="bg.sofia.uni.fmi.mjt.cryptowallet.command.CommandExecutorTest" time="0.004"/>
  <testcase name="testBuyCryptoNotAvailable()" classname="bg.sofia.uni.fmi.mjt.cryptowallet.command.CommandExecutorTest" time="0.007"/>
  <testcase name="testDisconnectSuccessfully()" classname="bg.sofia.uni.fmi.mjt.cryptowallet.command.CommandExecutorTest" time="0.005"/>
  <testcase name="testDepositUserNotFound()" classname="bg.sofia.uni.fmi.mjt.cryptowallet.command.CommandExecutorTest" time="0.003"/>
  <testcase name="testLoginInvalidNumberOfParameters()" classname="bg.sofia.uni.fmi.mjt.cryptowallet.command.CommandExecutorTest" time="0.003"/>
  <testcase name="testRegisterEmptyArgument()" classname="bg.sofia.uni.fmi.mjt.cryptowallet.command.CommandExecutorTest" time="0.004"/>
  <testcase name="testGetWalletOverallSummaryUserNotFound()" classname="bg.sofia.uni.fmi.mjt.cryptowallet.command.CommandExecutorTest" time="0.005"/>
  <testcase name="testSellEmptyArgument()" classname="bg.sofia.uni.fmi.mjt.cryptowallet.command.CommandExecutorTest" time="0.003"/>
  <testcase name="testGetWalletSummaryUserNotFound()" classname="bg.sofia.uni.fmi.mjt.cryptowallet.command.CommandExecutorTest" time="0.004"/>
  <testcase name="testRegisterInvalidNumberOfParameters()" classname="bg.sofia.uni.fmi.mjt.cryptowallet.command.CommandExecutorTest" time="0.003"/>
  <testcase name="testSellCryptoUserNotFound()" classname="bg.sofia.uni.fmi.mjt.cryptowallet.command.CommandExecutorTest" time="0.004"/>
  <testcase name="testDepositNegativeAmount()" classname="bg.sofia.uni.fmi.mjt.cryptowallet.command.CommandExecutorTest" time="0.006"/>
  <testcase name="testBuySuccessfully()" classname="bg.sofia.uni.fmi.mjt.cryptowallet.command.CommandExecutorTest" time="0.003"/>
  <testcase name="testDisconnectUserNotFound()" classname="bg.sofia.uni.fmi.mjt.cryptowallet.command.CommandExecutorTest" time="0.004"/>
  <testcase name="testLoginEmptyArgument()" classname="bg.sofia.uni.fmi.mjt.cryptowallet.command.CommandExecutorTest" time="0.003"/>
  <testcase name="testDisconnectInvalidNumberOfParameters()" classname="bg.sofia.uni.fmi.mjt.cryptowallet.command.CommandExecutorTest" time="0.003"/>
  <testcase name="testListOfferingsInvalidParameters()" classname="bg.sofia.uni.fmi.mjt.cryptowallet.command.CommandExecutorTest" time="0.004"/>
  <testcase name="testSellCryptocurrencyWithoutBuyingIt()" classname="bg.sofia.uni.fmi.mjt.cryptowallet.command.CommandExecutorTest" time="0.004"/>
  <testcase name="testSellSuccessfully()" classname="bg.sofia.uni.fmi.mjt.cryptowallet.command.CommandExecutorTest" time="0.002"/>
  <testcase name="testRegisterSuccessfully()" classname="bg.sofia.uni.fmi.mjt.cryptowallet.command.CommandExecutorTest" time="0.003"/>
  <testcase name="testRegisterUserAlreadyDefined()" classname="bg.sofia.uni.fmi.mjt.cryptowallet.command.CommandExecutorTest" time="0.002"/>
  <testcase name="testSellInvalidNumberOfParameters()" classname="bg.sofia.uni.fmi.mjt.cryptowallet.command.CommandExecutorTest" time="0.004"/>
  <testcase name="testLoginSuccessfully()" classname="bg.sofia.uni.fmi.mjt.cryptowallet.command.CommandExecutorTest" time="0.003"/>
  <testcase name="testGetWalletOverallSummaryInvalidNumberOfParameters()" classname="bg.sofia.uni.fmi.mjt.cryptowallet.command.CommandExecutorTest" time="0.003"/>
  <testcase name="testDepositInvalidNumberOfParameters()" classname="bg.sofia.uni.fmi.mjt.cryptowallet.command.CommandExecutorTest" time="0.002"/>
  <testcase name="testBuyNotEnoughMoney()" classname="bg.sofia.uni.fmi.mjt.cryptowallet.command.CommandExecutorTest" time="0.006"/>
  <system-out><![CDATA[]]></system-out>
  <system-err><![CDATA[]]></system-err>
</testsuite>
