<?xml version="1.0" encoding="UTF-8"?>
<testsuite name="bg.sofia.uni.fmi.mjt.cryptowallet.coinapi.CoinApiDataTest" tests="4" skipped="0" failures="0" errors="0" timestamp="2023-12-28T15:42:35" hostname="DESKTOP-6F11HT1" time="1.069">
  <properties/>
  <testcase name="testGetCryptocurrenciesInfoInvalidRequests()" classname="bg.sofia.uni.fmi.mjt.cryptowallet.coinapi.CoinApiDataTest" time="1.028"/>
  <testcase name="testGetCryptocurrenciesInfoTooManyRequests()" classname="bg.sofia.uni.fmi.mjt.cryptowallet.coinapi.CoinApiDataTest" time="0.007"/>
  <testcase name="testGetCryptocurrenciesInfoInvalidApiKey()" classname="bg.sofia.uni.fmi.mjt.cryptowallet.coinapi.CoinApiDataTest" time="0.004"/>
  <testcase name="testGetCryptocurrenciesInfoSuccessfully()" classname="bg.sofia.uni.fmi.mjt.cryptowallet.coinapi.CoinApiDataTest" time="0.024"/>
  <system-out><![CDATA[]]></system-out>
  <system-err><![CDATA[]]></system-err>
</testsuite>
