<?xml version="1.0" encoding="UTF-8"?>
<testsuite name="bg.sofia.uni.fmi.mjt.cryptowallet.storage.CryptoCurrencyWalletTest" tests="24" skipped="0" failures="0" errors="0" timestamp="2023-12-28T15:42:37" hostname="DESKTOP-6F11HT1" time="0.3">
  <properties/>
  <testcase name="testGetWalletSummaryWithoutLogin()" classname="bg.sofia.uni.fmi.mjt.cryptowallet.storage.CryptoCurrencyWalletTest" time="0.064"/>
  <testcase name="testSellMissingCryptocurrency()" classname="bg.sofia.uni.fmi.mjt.cryptowallet.storage.CryptoCurrencyWalletTest" time="0.01"/>
  <testcase name="testBuyUserNotFound()" classname="bg.sofia.uni.fmi.mjt.cryptowallet.storage.CryptoCurrencyWalletTest" time="0.009"/>
  <testcase name="testDepositMoneyWithoutLogin()" classname="bg.sofia.uni.fmi.mjt.cryptowallet.storage.CryptoCurrencyWalletTest" time="0.014"/>
  <testcase name="testDisconnectWithoutLogin()" classname="bg.sofia.uni.fmi.mjt.cryptowallet.storage.CryptoCurrencyWalletTest" time="0.013"/>
  <testcase name="testBuySameCryptocurrencyTwice()" classname="bg.sofia.uni.fmi.mjt.cryptowallet.storage.CryptoCurrencyWalletTest" time="0.011"/>
  <testcase name="testSellUserNotFound()" classname="bg.sofia.uni.fmi.mjt.cryptowallet.storage.CryptoCurrencyWalletTest" time="0.012"/>
  <testcase name="testGetWalletOverallSummarySuccessfully()" classname="bg.sofia.uni.fmi.mjt.cryptowallet.storage.CryptoCurrencyWalletTest" time="0.011"/>
  <testcase name="testListOfferingsWithoutUpdate()" classname="bg.sofia.uni.fmi.mjt.cryptowallet.storage.CryptoCurrencyWalletTest" time="0.01"/>
  <testcase name="testGetWalletSummarySuccessfully()" classname="bg.sofia.uni.fmi.mjt.cryptowallet.storage.CryptoCurrencyWalletTest" time="0.01"/>
  <testcase name="testBuyMissingCryptocurrency()" classname="bg.sofia.uni.fmi.mjt.cryptowallet.storage.CryptoCurrencyWalletTest" time="0.01"/>
  <testcase name="testSellCryptoUpdatedPrice()" classname="bg.sofia.uni.fmi.mjt.cryptowallet.storage.CryptoCurrencyWalletTest" time="0.012"/>
  <testcase name="testDepositMoneySuccessfully()" classname="bg.sofia.uni.fmi.mjt.cryptowallet.storage.CryptoCurrencyWalletTest" time="0.01"/>
  <testcase name="testDisconnectSuccessfully()" classname="bg.sofia.uni.fmi.mjt.cryptowallet.storage.CryptoCurrencyWalletTest" time="0.008"/>
  <testcase name="testRegisterUserSuccessfully()" classname="bg.sofia.uni.fmi.mjt.cryptowallet.storage.CryptoCurrencyWalletTest" time="0.008"/>
  <testcase name="testLoginWithoutRegistration()" classname="bg.sofia.uni.fmi.mjt.cryptowallet.storage.CryptoCurrencyWalletTest" time="0.01"/>
  <testcase name="testBuyInsufficientAvailability()" classname="bg.sofia.uni.fmi.mjt.cryptowallet.storage.CryptoCurrencyWalletTest" time="0.007"/>
  <testcase name="testSellCryptoBeforeBuyingIt()" classname="bg.sofia.uni.fmi.mjt.cryptowallet.storage.CryptoCurrencyWalletTest" time="0.006"/>
  <testcase name="testBuyCryptocurrencySuccessfully()" classname="bg.sofia.uni.fmi.mjt.cryptowallet.storage.CryptoCurrencyWalletTest" time="0.009"/>
  <testcase name="testListOfferingsUpdateCryptocurrencies()" classname="bg.sofia.uni.fmi.mjt.cryptowallet.storage.CryptoCurrencyWalletTest" time="0.006"/>
  <testcase name="testSellSamePriceAsBuying()" classname="bg.sofia.uni.fmi.mjt.cryptowallet.storage.CryptoCurrencyWalletTest" time="0.005"/>
  <testcase name="testGetWalletOverallSummaryWithoutLogin()" classname="bg.sofia.uni.fmi.mjt.cryptowallet.storage.CryptoCurrencyWalletTest" time="0.006"/>
  <testcase name="testRegisterUserAlreadyDefined()" classname="bg.sofia.uni.fmi.mjt.cryptowallet.storage.CryptoCurrencyWalletTest" time="0.009"/>
  <testcase name="testLoginSuccessfully()" classname="bg.sofia.uni.fmi.mjt.cryptowallet.storage.CryptoCurrencyWalletTest" time="0.005"/>
  <system-out><![CDATA[]]></system-out>
  <system-err><![CDATA[]]></system-err>
</testsuite>
